<?xml version="1.0" encoding="UTF-8"?>
<!-- Generated by org.testng.reporters.JUnitReportReporter -->
<testsuite hostname="LenarPC" failures="0" tests="1" name="com.indra.pages.ChangeLanguageAndCurrencyPage" time="15.109" errors="0" timestamp="2020-09-28T09:37:06 PST" skipped="0">
  <testcase classname="com.indra.pages.ChangeLanguageAndCurrencyPage" name="ChangeLanguagePage" time="15.109"/>
  <system-out/>
</testsuite> <!-- com.indra.pages.ChangeLanguageAndCurrencyPage -->
