<?xml version="1.0" encoding="UTF-8"?>
<!-- Generated by org.testng.reporters.JUnitReportReporter -->
<testsuite hostname="LenarPC" failures="0" tests="1" name="com.indra.pages.AirAsiaHomePage" time="22.004" errors="0" timestamp="2020-09-29T16:12:49 PST" skipped="0">
  <testcase classname="com.indra.pages.AirAsiaHomePage" name="SnapTab" time="22.004"/>
  <system-out/>
</testsuite> <!-- com.indra.pages.AirAsiaHomePage -->
