<?xml version="1.0" encoding="UTF-8"?>
<!-- Generated by org.testng.reporters.JUnitReportReporter -->
<testsuite hostname="LenarPC" failures="0" tests="1" name="SampleTestNG.LoginTestClass" time="0.017" errors="0" timestamp="2020-09-22T11:09:50 PST" skipped="0">
  <testcase classname="SampleTestNG.LoginTestClass" name="loginClass" time="0.017"/>
  <system-out/>
</testsuite> <!-- SampleTestNG.LoginTestClass -->
