<?xml version="1.0" encoding="UTF-8"?>
<!-- Generated by org.testng.reporters.JUnitReportReporter -->
<testsuite hostname="LenarPC" failures="0" tests="2" name="com.indra.pages.MyBookingsPage" time="49.639" errors="0" timestamp="2020-09-23T13:54:19 PST" skipped="0">
  <testcase classname="com.indra.pages.MyBookingsPage" name="FlightTabPage" time="23.221"/>
  <system-out/>
  <testcase classname="com.indra.pages.MyBookingsPage" name="HotelTabPage" time="26.418"/>
  <system-out/>
</testsuite> <!-- com.indra.pages.MyBookingsPage -->
