<?xml version="1.0" encoding="UTF-8"?>
<!-- Generated by org.testng.reporters.JUnitReportReporter -->
<testsuite hostname="LenarPC" failures="0" tests="2" name="Practice.AssertionFalseExample" time="0.025" errors="0" timestamp="2020-09-22T12:26:17 PST" skipped="0">
  <testcase classname="Practice.AssertionFalseExample" name="myTestWithMessage" time="0.003"/>
  <system-out/>
  <testcase classname="Practice.AssertionFalseExample" name="myTest" time="0.022"/>
  <system-out/>
</testsuite> <!-- Practice.AssertionFalseExample -->
