<?xml version="1.0" encoding="UTF-8"?>
<!-- Generated by org.testng.reporters.JUnitReportReporter -->
<testsuite hostname="LenarPC" failures="0" tests="1" name="com.indra.pages.MyBookingsPage" time="28.521" errors="0" timestamp="2020-09-28T09:26:48 PST" skipped="0">
  <testcase classname="com.indra.pages.MyBookingsPage" name="RetrievePage" time="28.521"/>
  <system-out/>
</testsuite> <!-- com.indra.pages.MyBookingsPage -->
