<?xml version="1.0" encoding="UTF-8"?>
<!-- Generated by org.testng.reporters.JUnitReportReporter -->
<testsuite hostname="LenarPC" failures="0" tests="2" name="SampleTestNG.AfterMethodExample" time="0.039" errors="0" timestamp="2020-09-22T11:31:29 PST" skipped="0">
  <testcase classname="SampleTestNG.AfterMethodExample" name="TestMethodTwo" time="0.003"/>
  <system-out/>
  <testcase classname="SampleTestNG.AfterMethodExample" name="TestMethodOne" time="0.036"/>
  <system-out/>
</testsuite> <!-- SampleTestNG.AfterMethodExample -->
