<?xml version="1.0" encoding="UTF-8"?>
<!-- Generated by org.testng.reporters.JUnitReportReporter -->
<testsuite hostname="LenarPC" failures="0" tests="2" name="SampleTestNG.BeforeClassExample" time="0.013" errors="0" timestamp="2020-09-22T11:27:34 PST" skipped="0">
  <testcase classname="SampleTestNG.BeforeClassExample" name="TestMethodTwo" time="0.005"/>
  <system-out/>
  <testcase classname="SampleTestNG.BeforeClassExample" name="TestMethodOne" time="0.008"/>
  <system-out/>
</testsuite> <!-- SampleTestNG.BeforeClassExample -->
