<?xml version="1.0" encoding="UTF-8"?>
<!-- Generated by org.testng.reporters.JUnitReportReporter -->
<testsuite hostname="LenarPC" failures="0" tests="1" name="com.indra.pages.CheckinPage" time="23.493" errors="0" timestamp="2020-09-23T14:05:21 PST" skipped="0">
  <testcase classname="com.indra.pages.CheckinPage" name="CheckinPages" time="23.493"/>
  <system-out/>
</testsuite> <!-- com.indra.pages.CheckinPage -->
