<?xml version="1.0" encoding="UTF-8"?>
<!-- Generated by org.testng.reporters.JUnitReportReporter -->
<testsuite hostname="LenarPC" failures="0" tests="1" name="com.indra.pages.AirAsiaHomePage" time="17.908" errors="0" timestamp="2020-09-28T10:44:59 PST" skipped="0">
  <testcase classname="com.indra.pages.AirAsiaHomePage" name="FlightsTab" time="17.908"/>
  <system-out/>
</testsuite> <!-- com.indra.pages.AirAsiaHomePage -->
