<?xml version="1.0" encoding="UTF-8"?>
<!-- Generated by org.testng.reporters.JUnitReportReporter -->
<testsuite hostname="LenarPC" failures="0" tests="3" name="SampleTestNG.TestClassOne" time="0.050" errors="0" timestamp="2020-09-22T11:59:51 PST" skipped="0">
  <testcase classname="SampleTestNG.TestClassOne" name="TestMethodTwo" time="0.005"/>
  <system-out/>
  <testcase classname="SampleTestNG.TestClassOne" name="TestMethodThree" time="0.005"/>
  <system-out/>
  <testcase classname="SampleTestNG.TestClassOne" name="TestMethodOne" time="0.040"/>
  <system-out/>
</testsuite> <!-- SampleTestNG.TestClassOne -->
