<?xml version="1.0" encoding="UTF-8"?>
<!-- Generated by org.testng.reporters.JUnitReportReporter -->
<testsuite hostname="LenarPC" failures="0" tests="6" name="com.indra.pages.LoginPage" time="87.255" errors="0" timestamp="2020-09-28T09:15:04 PST" skipped="0">
  <testcase classname="com.indra.pages.LoginPage" name="SignupPages" time="14.926"/>
  <system-out/>
  <testcase classname="com.indra.pages.LoginPage" name="LoginPages" time="12.958"/>
  <system-out/>
  <testcase classname="com.indra.pages.LoginPage" name="ForgotPassword" time="14.358"/>
  <system-out/>
  <testcase classname="com.indra.pages.LoginPage" name="LoginAsFacebook" time="14.572"/>
  <system-out/>
  <testcase classname="com.indra.pages.LoginPage" name="LoginAsGoogle" time="16.946"/>
  <system-out/>
  <testcase classname="com.indra.pages.LoginPage" name="LoginAsWeChat" time="13.495"/>
  <system-out/>
</testsuite> <!-- com.indra.pages.LoginPage -->
