<?xml version="1.0" encoding="UTF-8"?>
<!-- Generated by org.testng.reporters.JUnitReportReporter -->
<testsuite hostname="LenarPC" failures="0" tests="1" name="com.indra.pages.SupportPage" time="30.149" errors="0" timestamp="2020-09-25T10:00:43 PST" skipped="0">
  <testcase classname="com.indra.pages.SupportPage" name="SupportPages" time="30.149"/>
  <system-out/>
</testsuite> <!-- com.indra.pages.SupportPage -->
