<?xml version="1.0" encoding="UTF-8"?>
<!-- Generated by org.testng.reporters.JUnitReportReporter -->
<testsuite hostname="LenarPC" failures="0" tests="2" name="com.indra.pages.LoginPage" time="50.487" errors="0" timestamp="2020-09-23T13:54:19 PST" skipped="0">
  <testcase classname="com.indra.pages.LoginPage" name="LoginPages" time="24.392"/>
  <system-out/>
  <testcase classname="com.indra.pages.LoginPage" name="ForgotPassword" time="26.095"/>
  <system-out/>
</testsuite> <!-- com.indra.pages.LoginPage -->
