<?xml version="1.0" encoding="UTF-8"?>
<!-- Generated by org.testng.reporters.JUnitReportReporter -->
<testsuite hostname="LenarPC" failures="0" tests="2" name="com.indra.pages.FlightStatusPage" time="31.844" errors="0" timestamp="2020-09-28T10:26:28 PST" skipped="0">
  <testcase classname="com.indra.pages.FlightStatusPage" name="SearchByFlightNumber" time="16.034"/>
  <system-out/>
  <testcase classname="com.indra.pages.FlightStatusPage" name="SearchByDestination" time="15.810"/>
  <system-out/>
</testsuite> <!-- com.indra.pages.FlightStatusPage -->
